2021-11-09 09:01:29 [background-preinit] INFO  o.h.validator.internal.util.Version - HV000001: Hibernate Validator 6.0.22.Final
2021-11-09 09:01:30 [main] INFO  net.ptnetwork.RuoYiApplication - The following profiles are active: dev
2021-11-09 09:01:35 [main] INFO  io.undertow.servlet - Initializing Spring embedded WebApplicationContext
2021-11-09 09:01:39 [main] INFO  c.alibaba.druid.pool.DruidDataSource - {dataSource-1} inited
2021-11-09 09:01:40 [main] INFO  io.lettuce.core.EpollProvider - Starting without optional epoll library
2021-11-09 09:01:40 [main] INFO  io.lettuce.core.KqueueProvider - Starting without optional kqueue library
2021-11-09 09:01:42 [main] INFO  c.alibaba.druid.pool.DruidDataSource - {dataSource-1} closing ...
2021-11-09 09:01:42 [main] INFO  c.alibaba.druid.pool.DruidDataSource - {dataSource-1} closed
2021-11-09 15:13:38 [background-preinit] INFO  o.h.validator.internal.util.Version - HV000001: Hibernate Validator 6.0.22.Final
2021-11-09 15:13:40 [main] INFO  net.ptnetwork.RuoYiApplication - The following profiles are active: dev
2021-11-09 15:13:44 [main] INFO  io.undertow.servlet - Initializing Spring embedded WebApplicationContext
2021-11-09 15:13:46 [main] INFO  c.alibaba.druid.pool.DruidDataSource - {dataSource-0} closing ...
2021-11-09 15:21:40 [background-preinit] INFO  o.h.validator.internal.util.Version - HV000001: Hibernate Validator 6.0.22.Final
2021-11-09 15:21:41 [main] INFO  net.ptnetwork.RuoYiApplication - The following profiles are active: dev
2021-11-09 15:21:43 [main] INFO  io.undertow.servlet - Initializing Spring embedded WebApplicationContext
2021-11-09 15:21:44 [main] INFO  c.alibaba.druid.pool.DruidDataSource - {dataSource-0} closing ...
2021-11-09 15:48:28 [background-preinit] INFO  o.h.validator.internal.util.Version - HV000001: Hibernate Validator 6.0.22.Final
2021-11-09 15:48:28 [main] INFO  net.ptnetwork.RuoYiApplication - The following profiles are active: dev
2021-11-09 15:48:30 [main] INFO  io.undertow.servlet - Initializing Spring embedded WebApplicationContext
2021-11-09 15:48:32 [main] INFO  c.alibaba.druid.pool.DruidDataSource - {dataSource-0} closing ...
2021-11-09 15:49:13 [background-preinit] INFO  o.h.validator.internal.util.Version - HV000001: Hibernate Validator 6.0.22.Final
2021-11-09 15:49:14 [main] INFO  net.ptnetwork.RuoYiApplication - The following profiles are active: dev
2021-11-09 15:49:16 [main] INFO  io.undertow.servlet - Initializing Spring embedded WebApplicationContext
2021-11-09 15:49:17 [main] INFO  c.alibaba.druid.pool.DruidDataSource - {dataSource-0} closing ...
2021-11-09 15:58:07 [background-preinit] INFO  o.h.validator.internal.util.Version - HV000001: Hibernate Validator 6.0.22.Final
2021-11-09 15:58:08 [main] INFO  net.ptnetwork.RuoYiApplication - The following profiles are active: dev
2021-11-09 15:58:10 [main] INFO  io.undertow.servlet - Initializing Spring embedded WebApplicationContext
2021-11-09 15:58:11 [main] INFO  c.alibaba.druid.pool.DruidDataSource - {dataSource-0} closing ...
2021-11-09 15:59:25 [background-preinit] INFO  o.h.validator.internal.util.Version - HV000001: Hibernate Validator 6.0.22.Final
2021-11-09 15:59:26 [main] INFO  net.ptnetwork.RuoYiApplication - The following profiles are active: dev
2021-11-09 15:59:28 [main] INFO  io.undertow.servlet - Initializing Spring embedded WebApplicationContext
2021-11-09 15:59:30 [main] INFO  c.alibaba.druid.pool.DruidDataSource - {dataSource-0} closing ...
2021-11-09 16:13:24 [background-preinit] INFO  o.h.validator.internal.util.Version - HV000001: Hibernate Validator 6.0.22.Final
2021-11-09 16:13:25 [main] INFO  net.ptnetwork.RuoYiApplication - The following profiles are active: dev
2021-11-09 16:13:28 [main] INFO  io.undertow.servlet - Initializing Spring embedded WebApplicationContext
2021-11-09 16:13:29 [main] INFO  c.alibaba.druid.pool.DruidDataSource - {dataSource-0} closing ...
2021-11-09 17:05:22 [background-preinit] INFO  o.h.validator.internal.util.Version - HV000001: Hibernate Validator 6.0.22.Final
2021-11-09 17:05:23 [main] INFO  net.ptnetwork.RuoYiApplication - The following profiles are active: dev
2021-11-09 17:05:26 [main] INFO  io.undertow.servlet - Initializing Spring embedded WebApplicationContext
2021-11-09 17:05:27 [main] INFO  c.alibaba.druid.pool.DruidDataSource - {dataSource-0} closing ...
2021-11-09 17:07:01 [background-preinit] INFO  o.h.validator.internal.util.Version - HV000001: Hibernate Validator 6.0.22.Final
2021-11-09 17:07:02 [main] INFO  net.ptnetwork.RuoYiApplication - The following profiles are active: dev
2021-11-09 17:07:04 [main] INFO  io.undertow.servlet - Initializing Spring embedded WebApplicationContext
2021-11-09 17:07:12 [main] INFO  c.alibaba.druid.pool.DruidDataSource - {dataSource-1} inited
2021-11-09 17:07:12 [main] INFO  c.alibaba.druid.pool.DruidDataSource - {dataSource-1} closing ...
2021-11-09 17:07:12 [main] INFO  c.alibaba.druid.pool.DruidDataSource - {dataSource-1} closed
2021-11-09 17:08:10 [background-preinit] INFO  o.h.validator.internal.util.Version - HV000001: Hibernate Validator 6.0.22.Final
2021-11-09 17:08:11 [main] INFO  net.ptnetwork.RuoYiApplication - The following profiles are active: dev
2021-11-09 17:08:13 [main] INFO  io.undertow.servlet - Initializing Spring embedded WebApplicationContext
2021-11-09 17:08:16 [main] INFO  c.alibaba.druid.pool.DruidDataSource - {dataSource-1} inited
2021-11-09 17:08:17 [main] INFO  io.lettuce.core.EpollProvider - Starting without optional epoll library
2021-11-09 17:08:17 [main] INFO  io.lettuce.core.KqueueProvider - Starting without optional kqueue library
2021-11-09 17:08:18 [main] INFO  org.quartz.impl.StdSchedulerFactory - Using default implementation for ThreadExecutor
2021-11-09 17:08:18 [main] INFO  o.quartz.core.SchedulerSignalerImpl - Initialized Scheduler Signaller of type: class org.quartz.core.SchedulerSignalerImpl
2021-11-09 17:08:18 [main] INFO  org.quartz.core.QuartzScheduler - Quartz Scheduler v.2.3.2 created.
2021-11-09 17:08:18 [main] INFO  org.quartz.core.QuartzScheduler - Scheduler meta-data: Quartz Scheduler (v2.3.2) 'RuoyiScheduler' with instanceId 'WQ-20170516CMGX1636448898566'
  Scheduler class: 'org.quartz.core.QuartzScheduler' - running locally.
  NOT STARTED.
  Currently in standby mode.
  Number of jobs executed: 0
  Using thread pool 'org.quartz.simpl.SimpleThreadPool' - with 20 threads.
  Using job-store 'org.springframework.scheduling.quartz.LocalDataSourceJobStore' - which supports persistence. and is clustered.

2021-11-09 17:08:18 [main] INFO  org.quartz.impl.StdSchedulerFactory - Quartz scheduler 'RuoyiScheduler' initialized from an externally provided properties instance.
2021-11-09 17:08:18 [main] INFO  org.quartz.impl.StdSchedulerFactory - Quartz scheduler version: 2.3.2
2021-11-09 17:08:18 [main] INFO  org.quartz.core.QuartzScheduler - JobFactory set to: org.springframework.scheduling.quartz.AdaptableJobFactory@78c5ef58
2021-11-09 17:08:22 [main] INFO  s.d.s.w.WebMvcPropertySourcedRequestMappingHandlerMapping - Mapped URL path [/v2/api-docs] onto method [springfox.documentation.swagger2.web.Swagger2ControllerWebMvc#getDocumentation(String, HttpServletRequest)]
2021-11-09 17:08:22 [main] INFO  c.n.c.sources.URLConfigurationSource - To enable URLs as dynamic configuration sources, define System property archaius.configurationSource.additionalUrls or make config.properties available on classpath.
2021-11-09 17:08:22 [main] INFO  c.n.c.sources.URLConfigurationSource - To enable URLs as dynamic configuration sources, define System property archaius.configurationSource.additionalUrls or make config.properties available on classpath.
2021-11-09 17:08:25 [main] INFO  s.d.s.w.p.DocumentationPluginsBootstrapper - Documentation plugins bootstrapped
2021-11-09 17:08:25 [main] INFO  s.d.s.w.p.DocumentationPluginsBootstrapper - Found 1 custom documentation plugin(s)
2021-11-09 17:08:25 [main] INFO  s.d.s.w.s.ApiListingReferenceScanner - Scanning for api listing references
2021-11-09 17:08:25 [main] INFO  io.undertow - starting server: Undertow - 2.0.33.Final
2021-11-09 17:08:25 [main] INFO  org.xnio - XNIO version 3.3.8.Final
2021-11-09 17:08:26 [main] INFO  org.xnio.nio - XNIO NIO Implementation Version 3.3.8.Final
2021-11-09 17:08:26 [Quartz Scheduler [RuoyiScheduler]] INFO  org.quartz.core.QuartzScheduler - Scheduler RuoyiScheduler_$_WQ-20170516CMGX1636448898566 started.
2021-11-09 17:08:26 [main] INFO  net.ptnetwork.RuoYiApplication - Started RuoYiApplication in 16.688 seconds (JVM running for 18.23)
2021-11-09 17:08:27 [RMI TCP Connection(7)-192.168.87.232] INFO  io.undertow.servlet - Initializing Spring DispatcherServlet 'dispatcherServlet'
2021-11-09 17:08:29 [registrationTask1] INFO  d.c.b.a.c.r.ApplicationRegistrator - Application registered itself as 41d915798b15
2021-11-09 17:45:39 [SpringContextShutdownHook] INFO  org.quartz.core.QuartzScheduler - Scheduler RuoyiScheduler_$_WQ-20170516CMGX1636448898566 paused.
2021-11-09 17:45:41 [SpringContextShutdownHook] INFO  org.quartz.core.QuartzScheduler - Scheduler RuoyiScheduler_$_WQ-20170516CMGX1636448898566 shutting down.
2021-11-09 17:45:41 [SpringContextShutdownHook] INFO  org.quartz.core.QuartzScheduler - Scheduler RuoyiScheduler_$_WQ-20170516CMGX1636448898566 paused.
2021-11-09 17:45:41 [SpringContextShutdownHook] INFO  org.quartz.core.QuartzScheduler - Scheduler RuoyiScheduler_$_WQ-20170516CMGX1636448898566 shutdown complete.
2021-11-09 17:45:41 [SpringContextShutdownHook] INFO  sys-user - ====关闭后台任务任务线程池====
2021-11-09 17:45:41 [SpringContextShutdownHook] INFO  c.alibaba.druid.pool.DruidDataSource - {dataSource-1} closing ...
2021-11-09 17:45:41 [SpringContextShutdownHook] INFO  c.alibaba.druid.pool.DruidDataSource - {dataSource-1} closed
2021-11-09 17:45:41 [SpringContextShutdownHook] INFO  io.undertow.servlet - Destroying Spring FrameworkServlet 'dispatcherServlet'
2021-11-09 17:45:41 [SpringContextShutdownHook] INFO  io.undertow - stopping server: Undertow - 2.0.33.Final
