2021-11-10 09:08:40 [background-preinit] INFO  o.h.validator.internal.util.Version - HV000001: Hibernate Validator 6.0.22.Final
2021-11-10 09:08:43 [main] INFO  net.ptnetwork.RuoYiApplication - The following profiles are active: dev
2021-11-10 09:08:48 [main] INFO  io.undertow.servlet - Initializing Spring embedded WebApplicationContext
2021-11-10 09:08:50 [main] INFO  c.alibaba.druid.pool.DruidDataSource - {dataSource-0} closing ...
2021-11-10 09:11:27 [background-preinit] INFO  o.h.validator.internal.util.Version - HV000001: Hibernate Validator 6.0.22.Final
2021-11-10 09:11:27 [main] INFO  net.ptnetwork.RuoYiApplication - The following profiles are active: dev
2021-11-10 09:11:29 [main] INFO  io.undertow.servlet - Initializing Spring embedded WebApplicationContext
2021-11-10 09:11:32 [main] INFO  c.alibaba.druid.pool.DruidDataSource - {dataSource-1} inited
2021-11-10 09:11:33 [main] INFO  io.lettuce.core.EpollProvider - Starting without optional epoll library
2021-11-10 09:11:33 [main] INFO  io.lettuce.core.KqueueProvider - Starting without optional kqueue library
2021-11-10 09:11:34 [main] INFO  org.quartz.impl.StdSchedulerFactory - Using default implementation for ThreadExecutor
2021-11-10 09:11:34 [main] INFO  o.quartz.core.SchedulerSignalerImpl - Initialized Scheduler Signaller of type: class org.quartz.core.SchedulerSignalerImpl
2021-11-10 09:11:34 [main] INFO  org.quartz.core.QuartzScheduler - Quartz Scheduler v.2.3.2 created.
2021-11-10 09:11:34 [main] INFO  org.quartz.core.QuartzScheduler - Scheduler meta-data: Quartz Scheduler (v2.3.2) 'RuoyiScheduler' with instanceId 'WQ-20170516CMGX1636506694147'
  Scheduler class: 'org.quartz.core.QuartzScheduler' - running locally.
  NOT STARTED.
  Currently in standby mode.
  Number of jobs executed: 0
  Using thread pool 'org.quartz.simpl.SimpleThreadPool' - with 20 threads.
  Using job-store 'org.springframework.scheduling.quartz.LocalDataSourceJobStore' - which supports persistence. and is clustered.

2021-11-10 09:11:34 [main] INFO  org.quartz.impl.StdSchedulerFactory - Quartz scheduler 'RuoyiScheduler' initialized from an externally provided properties instance.
2021-11-10 09:11:34 [main] INFO  org.quartz.impl.StdSchedulerFactory - Quartz scheduler version: 2.3.2
2021-11-10 09:11:34 [main] INFO  org.quartz.core.QuartzScheduler - JobFactory set to: org.springframework.scheduling.quartz.AdaptableJobFactory@62cf86d6
2021-11-10 09:11:37 [main] INFO  s.d.s.w.WebMvcPropertySourcedRequestMappingHandlerMapping - Mapped URL path [/v2/api-docs] onto method [springfox.documentation.swagger2.web.Swagger2ControllerWebMvc#getDocumentation(String, HttpServletRequest)]
2021-11-10 09:11:37 [main] INFO  c.n.c.sources.URLConfigurationSource - To enable URLs as dynamic configuration sources, define System property archaius.configurationSource.additionalUrls or make config.properties available on classpath.
2021-11-10 09:11:37 [main] INFO  c.n.c.sources.URLConfigurationSource - To enable URLs as dynamic configuration sources, define System property archaius.configurationSource.additionalUrls or make config.properties available on classpath.
2021-11-10 09:11:39 [main] INFO  s.d.s.w.p.DocumentationPluginsBootstrapper - Documentation plugins bootstrapped
2021-11-10 09:11:39 [main] INFO  s.d.s.w.p.DocumentationPluginsBootstrapper - Found 1 custom documentation plugin(s)
2021-11-10 09:11:39 [main] INFO  s.d.s.w.s.ApiListingReferenceScanner - Scanning for api listing references
2021-11-10 09:11:39 [main] INFO  io.undertow - starting server: Undertow - 2.0.33.Final
2021-11-10 09:11:39 [main] INFO  org.xnio - XNIO version 3.3.8.Final
2021-11-10 09:11:39 [main] INFO  org.xnio.nio - XNIO NIO Implementation Version 3.3.8.Final
2021-11-10 09:11:40 [main] INFO  net.ptnetwork.RuoYiApplication - Started RuoYiApplication in 13.343 seconds (JVM running for 14.427)
2021-11-10 09:11:40 [RMI TCP Connection(3)-192.168.87.232] INFO  io.undertow.servlet - Initializing Spring DispatcherServlet 'dispatcherServlet'
2021-11-10 09:11:40 [Quartz Scheduler [RuoyiScheduler]] INFO  org.quartz.core.QuartzScheduler - Scheduler RuoyiScheduler_$_WQ-20170516CMGX1636506694147 started.
2021-11-10 09:11:41 [registrationTask1] INFO  d.c.b.a.c.r.ApplicationRegistrator - Application registered itself as 41d915798b15
2021-11-10 11:16:54 [background-preinit] INFO  o.h.validator.internal.util.Version - HV000001: Hibernate Validator 6.0.22.Final
2021-11-10 11:16:55 [main] INFO  net.ptnetwork.RuoYiApplication - The following profiles are active: dev
2021-11-10 11:17:17 [background-preinit] INFO  o.h.validator.internal.util.Version - HV000001: Hibernate Validator 6.0.22.Final
2021-11-10 11:17:18 [main] INFO  net.ptnetwork.RuoYiApplication - The following profiles are active: dev
2021-11-10 11:17:21 [main] INFO  io.undertow.servlet - Initializing Spring embedded WebApplicationContext
2021-11-10 11:17:25 [main] INFO  c.alibaba.druid.pool.DruidDataSource - {dataSource-1} inited
2021-11-10 11:17:26 [main] INFO  io.lettuce.core.EpollProvider - Starting without optional epoll library
2021-11-10 11:17:26 [main] INFO  io.lettuce.core.KqueueProvider - Starting without optional kqueue library
2021-11-10 11:17:26 [main] INFO  org.quartz.impl.StdSchedulerFactory - Using default implementation for ThreadExecutor
2021-11-10 11:17:26 [main] INFO  o.quartz.core.SchedulerSignalerImpl - Initialized Scheduler Signaller of type: class org.quartz.core.SchedulerSignalerImpl
2021-11-10 11:17:26 [main] INFO  org.quartz.core.QuartzScheduler - Quartz Scheduler v.2.3.2 created.
2021-11-10 11:17:26 [main] INFO  org.quartz.core.QuartzScheduler - Scheduler meta-data: Quartz Scheduler (v2.3.2) 'RuoyiScheduler' with instanceId 'WQ-20170516CMGX1636514246914'
  Scheduler class: 'org.quartz.core.QuartzScheduler' - running locally.
  NOT STARTED.
  Currently in standby mode.
  Number of jobs executed: 0
  Using thread pool 'org.quartz.simpl.SimpleThreadPool' - with 20 threads.
  Using job-store 'org.springframework.scheduling.quartz.LocalDataSourceJobStore' - which supports persistence. and is clustered.

2021-11-10 11:17:26 [main] INFO  org.quartz.impl.StdSchedulerFactory - Quartz scheduler 'RuoyiScheduler' initialized from an externally provided properties instance.
2021-11-10 11:17:26 [main] INFO  org.quartz.impl.StdSchedulerFactory - Quartz scheduler version: 2.3.2
2021-11-10 11:17:26 [main] INFO  org.quartz.core.QuartzScheduler - JobFactory set to: org.springframework.scheduling.quartz.AdaptableJobFactory@3751baf6
2021-11-10 11:17:29 [main] INFO  s.d.s.w.WebMvcPropertySourcedRequestMappingHandlerMapping - Mapped URL path [/v2/api-docs] onto method [springfox.documentation.swagger2.web.Swagger2ControllerWebMvc#getDocumentation(String, HttpServletRequest)]
2021-11-10 11:17:29 [main] INFO  c.n.c.sources.URLConfigurationSource - To enable URLs as dynamic configuration sources, define System property archaius.configurationSource.additionalUrls or make config.properties available on classpath.
2021-11-10 11:17:29 [main] INFO  c.n.c.sources.URLConfigurationSource - To enable URLs as dynamic configuration sources, define System property archaius.configurationSource.additionalUrls or make config.properties available on classpath.
2021-11-10 11:17:31 [main] INFO  s.d.s.w.p.DocumentationPluginsBootstrapper - Documentation plugins bootstrapped
2021-11-10 11:17:31 [main] INFO  s.d.s.w.p.DocumentationPluginsBootstrapper - Found 1 custom documentation plugin(s)
2021-11-10 11:17:31 [main] INFO  s.d.s.w.s.ApiListingReferenceScanner - Scanning for api listing references
2021-11-10 11:17:32 [main] INFO  io.undertow - starting server: Undertow - 2.0.33.Final
2021-11-10 11:17:32 [main] INFO  org.xnio - XNIO version 3.3.8.Final
2021-11-10 11:17:32 [main] INFO  org.xnio.nio - XNIO NIO Implementation Version 3.3.8.Final
2021-11-10 11:17:32 [main] INFO  net.ptnetwork.RuoYiApplication - Started RuoYiApplication in 15.512 seconds (JVM running for 17.423)
2021-11-10 11:17:32 [XNIO-1 task-1] INFO  io.undertow.servlet - Initializing Spring DispatcherServlet 'dispatcherServlet'
2021-11-10 11:17:33 [registrationTask1] INFO  d.c.b.a.c.r.ApplicationRegistrator - Application registered itself as 41d915798b15
2021-11-10 11:17:33 [Quartz Scheduler [RuoyiScheduler]] INFO  org.quartz.core.QuartzScheduler - Scheduler RuoyiScheduler_$_WQ-20170516CMGX1636514246914 started.
2021-11-10 11:18:07 [SpringContextShutdownHook] INFO  org.quartz.core.QuartzScheduler - Scheduler RuoyiScheduler_$_WQ-20170516CMGX1636514246914 paused.
2021-11-10 11:21:00 [background-preinit] INFO  o.h.validator.internal.util.Version - HV000001: Hibernate Validator 6.0.22.Final
2021-11-10 11:21:00 [main] INFO  net.ptnetwork.RuoYiApplication - The following profiles are active: dev
2021-11-10 11:21:03 [main] INFO  io.undertow.servlet - Initializing Spring embedded WebApplicationContext
2021-11-10 11:21:06 [main] INFO  c.alibaba.druid.pool.DruidDataSource - {dataSource-1} inited
2021-11-10 11:21:06 [main] INFO  io.lettuce.core.EpollProvider - Starting without optional epoll library
2021-11-10 11:21:06 [main] INFO  io.lettuce.core.KqueueProvider - Starting without optional kqueue library
2021-11-10 11:21:07 [main] INFO  org.quartz.impl.StdSchedulerFactory - Using default implementation for ThreadExecutor
2021-11-10 11:21:07 [main] INFO  o.quartz.core.SchedulerSignalerImpl - Initialized Scheduler Signaller of type: class org.quartz.core.SchedulerSignalerImpl
2021-11-10 11:21:07 [main] INFO  org.quartz.core.QuartzScheduler - Quartz Scheduler v.2.3.2 created.
2021-11-10 11:21:07 [main] INFO  org.quartz.core.QuartzScheduler - Scheduler meta-data: Quartz Scheduler (v2.3.2) 'RuoyiScheduler' with instanceId 'WQ-20170516CMGX1636514467512'
  Scheduler class: 'org.quartz.core.QuartzScheduler' - running locally.
  NOT STARTED.
  Currently in standby mode.
  Number of jobs executed: 0
  Using thread pool 'org.quartz.simpl.SimpleThreadPool' - with 20 threads.
  Using job-store 'org.springframework.scheduling.quartz.LocalDataSourceJobStore' - which supports persistence. and is clustered.

2021-11-10 11:21:07 [main] INFO  org.quartz.impl.StdSchedulerFactory - Quartz scheduler 'RuoyiScheduler' initialized from an externally provided properties instance.
2021-11-10 11:21:07 [main] INFO  org.quartz.impl.StdSchedulerFactory - Quartz scheduler version: 2.3.2
2021-11-10 11:21:07 [main] INFO  org.quartz.core.QuartzScheduler - JobFactory set to: org.springframework.scheduling.quartz.AdaptableJobFactory@769a9b7a
2021-11-10 11:21:09 [main] INFO  s.d.s.w.WebMvcPropertySourcedRequestMappingHandlerMapping - Mapped URL path [/v2/api-docs] onto method [springfox.documentation.swagger2.web.Swagger2ControllerWebMvc#getDocumentation(String, HttpServletRequest)]
2021-11-10 11:21:09 [main] INFO  c.n.c.sources.URLConfigurationSource - To enable URLs as dynamic configuration sources, define System property archaius.configurationSource.additionalUrls or make config.properties available on classpath.
2021-11-10 11:21:09 [main] INFO  c.n.c.sources.URLConfigurationSource - To enable URLs as dynamic configuration sources, define System property archaius.configurationSource.additionalUrls or make config.properties available on classpath.
2021-11-10 11:21:11 [main] INFO  s.d.s.w.p.DocumentationPluginsBootstrapper - Documentation plugins bootstrapped
2021-11-10 11:21:11 [main] INFO  s.d.s.w.p.DocumentationPluginsBootstrapper - Found 1 custom documentation plugin(s)
2021-11-10 11:21:11 [main] INFO  s.d.s.w.s.ApiListingReferenceScanner - Scanning for api listing references
2021-11-10 11:21:11 [main] INFO  io.undertow - starting server: Undertow - 2.0.33.Final
2021-11-10 11:21:11 [main] INFO  org.xnio - XNIO version 3.3.8.Final
2021-11-10 11:21:11 [main] INFO  org.xnio.nio - XNIO NIO Implementation Version 3.3.8.Final
2021-11-10 11:21:11 [main] INFO  net.ptnetwork.RuoYiApplication - Started RuoYiApplication in 12.621 seconds (JVM running for 14.221)
2021-11-10 11:21:12 [XNIO-1 task-1] INFO  io.undertow.servlet - Initializing Spring DispatcherServlet 'dispatcherServlet'
2021-11-10 11:21:12 [registrationTask1] INFO  d.c.b.a.c.r.ApplicationRegistrator - Application registered itself as 41d915798b15
2021-11-10 11:21:12 [Quartz Scheduler [RuoyiScheduler]] INFO  org.quartz.core.QuartzScheduler - Scheduler RuoyiScheduler_$_WQ-20170516CMGX1636514467512 started.
2021-11-10 11:25:46 [SpringContextShutdownHook] INFO  org.quartz.core.QuartzScheduler - Scheduler RuoyiScheduler_$_WQ-20170516CMGX1636514467512 paused.
2021-11-10 11:25:48 [SpringContextShutdownHook] INFO  org.quartz.core.QuartzScheduler - Scheduler RuoyiScheduler_$_WQ-20170516CMGX1636514467512 shutting down.
2021-11-10 11:25:48 [SpringContextShutdownHook] INFO  org.quartz.core.QuartzScheduler - Scheduler RuoyiScheduler_$_WQ-20170516CMGX1636514467512 paused.
2021-11-10 11:25:48 [SpringContextShutdownHook] INFO  org.quartz.core.QuartzScheduler - Scheduler RuoyiScheduler_$_WQ-20170516CMGX1636514467512 shutdown complete.
2021-11-10 11:25:48 [SpringContextShutdownHook] INFO  sys-user - ====关闭后台任务任务线程池====
2021-11-10 11:25:48 [SpringContextShutdownHook] INFO  c.alibaba.druid.pool.DruidDataSource - {dataSource-1} closing ...
2021-11-10 11:25:48 [SpringContextShutdownHook] INFO  c.alibaba.druid.pool.DruidDataSource - {dataSource-1} closed
2021-11-10 11:25:49 [SpringContextShutdownHook] INFO  io.undertow.servlet - Destroying Spring FrameworkServlet 'dispatcherServlet'
2021-11-10 11:25:49 [SpringContextShutdownHook] INFO  io.undertow - stopping server: Undertow - 2.0.33.Final
2021-11-10 11:25:57 [background-preinit] INFO  o.h.validator.internal.util.Version - HV000001: Hibernate Validator 6.0.22.Final
2021-11-10 11:25:58 [main] INFO  net.ptnetwork.RuoYiApplication - The following profiles are active: dev
2021-11-10 11:26:00 [main] INFO  io.undertow.servlet - Initializing Spring embedded WebApplicationContext
2021-11-10 11:26:03 [main] INFO  c.alibaba.druid.pool.DruidDataSource - {dataSource-1} inited
2021-11-10 11:26:04 [main] INFO  io.lettuce.core.EpollProvider - Starting without optional epoll library
2021-11-10 11:26:04 [main] INFO  io.lettuce.core.KqueueProvider - Starting without optional kqueue library
2021-11-10 11:26:04 [main] INFO  org.quartz.impl.StdSchedulerFactory - Using default implementation for ThreadExecutor
2021-11-10 11:26:04 [main] INFO  o.quartz.core.SchedulerSignalerImpl - Initialized Scheduler Signaller of type: class org.quartz.core.SchedulerSignalerImpl
2021-11-10 11:26:04 [main] INFO  org.quartz.core.QuartzScheduler - Quartz Scheduler v.2.3.2 created.
2021-11-10 11:26:04 [main] INFO  org.quartz.core.QuartzScheduler - Scheduler meta-data: Quartz Scheduler (v2.3.2) 'RuoyiScheduler' with instanceId 'WQ-20170516CMGX1636514764835'
  Scheduler class: 'org.quartz.core.QuartzScheduler' - running locally.
  NOT STARTED.
  Currently in standby mode.
  Number of jobs executed: 0
  Using thread pool 'org.quartz.simpl.SimpleThreadPool' - with 20 threads.
  Using job-store 'org.springframework.scheduling.quartz.LocalDataSourceJobStore' - which supports persistence. and is clustered.

2021-11-10 11:26:04 [main] INFO  org.quartz.impl.StdSchedulerFactory - Quartz scheduler 'RuoyiScheduler' initialized from an externally provided properties instance.
2021-11-10 11:26:04 [main] INFO  org.quartz.impl.StdSchedulerFactory - Quartz scheduler version: 2.3.2
2021-11-10 11:26:04 [main] INFO  org.quartz.core.QuartzScheduler - JobFactory set to: org.springframework.scheduling.quartz.AdaptableJobFactory@8aafd70
2021-11-10 11:26:07 [main] INFO  s.d.s.w.WebMvcPropertySourcedRequestMappingHandlerMapping - Mapped URL path [/v2/api-docs] onto method [springfox.documentation.swagger2.web.Swagger2ControllerWebMvc#getDocumentation(String, HttpServletRequest)]
2021-11-10 11:26:07 [main] INFO  c.n.c.sources.URLConfigurationSource - To enable URLs as dynamic configuration sources, define System property archaius.configurationSource.additionalUrls or make config.properties available on classpath.
2021-11-10 11:26:07 [main] INFO  c.n.c.sources.URLConfigurationSource - To enable URLs as dynamic configuration sources, define System property archaius.configurationSource.additionalUrls or make config.properties available on classpath.
2021-11-10 11:26:09 [main] INFO  s.d.s.w.p.DocumentationPluginsBootstrapper - Documentation plugins bootstrapped
2021-11-10 11:26:09 [main] INFO  s.d.s.w.p.DocumentationPluginsBootstrapper - Found 1 custom documentation plugin(s)
2021-11-10 11:26:09 [main] INFO  s.d.s.w.s.ApiListingReferenceScanner - Scanning for api listing references
2021-11-10 11:26:09 [main] INFO  io.undertow - starting server: Undertow - 2.0.33.Final
2021-11-10 11:26:09 [main] INFO  org.xnio - XNIO version 3.3.8.Final
2021-11-10 11:26:09 [main] INFO  org.xnio.nio - XNIO NIO Implementation Version 3.3.8.Final
2021-11-10 11:26:09 [main] INFO  net.ptnetwork.RuoYiApplication - Started RuoYiApplication in 12.814 seconds (JVM running for 14.373)
2021-11-10 11:26:10 [XNIO-1 task-1] INFO  io.undertow.servlet - Initializing Spring DispatcherServlet 'dispatcherServlet'
2021-11-10 11:26:10 [registrationTask1] INFO  d.c.b.a.c.r.ApplicationRegistrator - Application registered itself as 41d915798b15
2021-11-10 11:26:10 [Quartz Scheduler [RuoyiScheduler]] INFO  org.quartz.core.QuartzScheduler - Scheduler RuoyiScheduler_$_WQ-20170516CMGX1636514764835 started.
2021-11-10 11:27:58 [SpringContextShutdownHook] INFO  org.quartz.core.QuartzScheduler - Scheduler RuoyiScheduler_$_WQ-20170516CMGX1636514764835 paused.
2021-11-10 11:28:00 [SpringContextShutdownHook] INFO  org.quartz.core.QuartzScheduler - Scheduler RuoyiScheduler_$_WQ-20170516CMGX1636514764835 shutting down.
2021-11-10 11:28:00 [SpringContextShutdownHook] INFO  org.quartz.core.QuartzScheduler - Scheduler RuoyiScheduler_$_WQ-20170516CMGX1636514764835 paused.
2021-11-10 11:28:00 [SpringContextShutdownHook] INFO  org.quartz.core.QuartzScheduler - Scheduler RuoyiScheduler_$_WQ-20170516CMGX1636514764835 shutdown complete.
2021-11-10 11:28:00 [SpringContextShutdownHook] INFO  sys-user - ====关闭后台任务任务线程池====
2021-11-10 11:28:00 [SpringContextShutdownHook] INFO  c.alibaba.druid.pool.DruidDataSource - {dataSource-1} closing ...
2021-11-10 11:28:00 [SpringContextShutdownHook] INFO  c.alibaba.druid.pool.DruidDataSource - {dataSource-1} closed
2021-11-10 11:28:00 [SpringContextShutdownHook] INFO  io.undertow.servlet - Destroying Spring FrameworkServlet 'dispatcherServlet'
2021-11-10 11:28:00 [SpringContextShutdownHook] INFO  io.undertow - stopping server: Undertow - 2.0.33.Final
2021-11-10 11:28:08 [background-preinit] INFO  o.h.validator.internal.util.Version - HV000001: Hibernate Validator 6.0.22.Final
2021-11-10 11:28:08 [main] INFO  net.ptnetwork.RuoYiApplication - The following profiles are active: dev
2021-11-10 11:28:11 [main] INFO  io.undertow.servlet - Initializing Spring embedded WebApplicationContext
2021-11-10 11:28:16 [main] INFO  c.alibaba.druid.pool.DruidDataSource - {dataSource-1} inited
2021-11-10 11:28:16 [main] INFO  io.lettuce.core.EpollProvider - Starting without optional epoll library
2021-11-10 11:28:16 [main] INFO  io.lettuce.core.KqueueProvider - Starting without optional kqueue library
2021-11-10 11:28:17 [main] INFO  org.quartz.impl.StdSchedulerFactory - Using default implementation for ThreadExecutor
2021-11-10 11:28:17 [main] INFO  o.quartz.core.SchedulerSignalerImpl - Initialized Scheduler Signaller of type: class org.quartz.core.SchedulerSignalerImpl
2021-11-10 11:28:17 [main] INFO  org.quartz.core.QuartzScheduler - Quartz Scheduler v.2.3.2 created.
2021-11-10 11:28:17 [main] INFO  org.quartz.core.QuartzScheduler - Scheduler meta-data: Quartz Scheduler (v2.3.2) 'RuoyiScheduler' with instanceId 'WQ-20170516CMGX1636514897079'
  Scheduler class: 'org.quartz.core.QuartzScheduler' - running locally.
  NOT STARTED.
  Currently in standby mode.
  Number of jobs executed: 0
  Using thread pool 'org.quartz.simpl.SimpleThreadPool' - with 20 threads.
  Using job-store 'org.springframework.scheduling.quartz.LocalDataSourceJobStore' - which supports persistence. and is clustered.

2021-11-10 11:28:17 [main] INFO  org.quartz.impl.StdSchedulerFactory - Quartz scheduler 'RuoyiScheduler' initialized from an externally provided properties instance.
2021-11-10 11:28:17 [main] INFO  org.quartz.impl.StdSchedulerFactory - Quartz scheduler version: 2.3.2
2021-11-10 11:28:17 [main] INFO  org.quartz.core.QuartzScheduler - JobFactory set to: org.springframework.scheduling.quartz.AdaptableJobFactory@2305aad0
2021-11-10 11:28:19 [main] INFO  s.d.s.w.WebMvcPropertySourcedRequestMappingHandlerMapping - Mapped URL path [/v2/api-docs] onto method [springfox.documentation.swagger2.web.Swagger2ControllerWebMvc#getDocumentation(String, HttpServletRequest)]
2021-11-10 11:28:19 [main] INFO  c.n.c.sources.URLConfigurationSource - To enable URLs as dynamic configuration sources, define System property archaius.configurationSource.additionalUrls or make config.properties available on classpath.
2021-11-10 11:28:19 [main] INFO  c.n.c.sources.URLConfigurationSource - To enable URLs as dynamic configuration sources, define System property archaius.configurationSource.additionalUrls or make config.properties available on classpath.
2021-11-10 11:28:21 [main] INFO  s.d.s.w.p.DocumentationPluginsBootstrapper - Documentation plugins bootstrapped
2021-11-10 11:28:21 [main] INFO  s.d.s.w.p.DocumentationPluginsBootstrapper - Found 1 custom documentation plugin(s)
2021-11-10 11:28:21 [main] INFO  s.d.s.w.s.ApiListingReferenceScanner - Scanning for api listing references
2021-11-10 11:28:21 [main] INFO  io.undertow - starting server: Undertow - 2.0.33.Final
2021-11-10 11:28:21 [main] INFO  org.xnio - XNIO version 3.3.8.Final
2021-11-10 11:28:21 [main] INFO  org.xnio.nio - XNIO NIO Implementation Version 3.3.8.Final
2021-11-10 11:28:21 [main] INFO  net.ptnetwork.RuoYiApplication - Started RuoYiApplication in 14.181 seconds (JVM running for 15.849)
2021-11-10 11:28:21 [XNIO-1 task-1] INFO  io.undertow.servlet - Initializing Spring DispatcherServlet 'dispatcherServlet'
2021-11-10 11:28:22 [registrationTask1] INFO  d.c.b.a.c.r.ApplicationRegistrator - Application registered itself as 41d915798b15
2021-11-10 11:28:22 [Quartz Scheduler [RuoyiScheduler]] INFO  org.quartz.core.QuartzScheduler - Scheduler RuoyiScheduler_$_WQ-20170516CMGX1636514897079 started.
2021-11-10 17:45:42 [SpringContextShutdownHook] INFO  org.quartz.core.QuartzScheduler - Scheduler RuoyiScheduler_$_WQ-20170516CMGX1636514897079 paused.
2021-11-10 17:45:52 [SpringContextShutdownHook] INFO  org.quartz.core.QuartzScheduler - Scheduler RuoyiScheduler_$_WQ-20170516CMGX1636514897079 shutting down.
2021-11-10 17:45:52 [SpringContextShutdownHook] INFO  org.quartz.core.QuartzScheduler - Scheduler RuoyiScheduler_$_WQ-20170516CMGX1636514897079 paused.
2021-11-10 17:45:53 [SpringContextShutdownHook] INFO  org.quartz.core.QuartzScheduler - Scheduler RuoyiScheduler_$_WQ-20170516CMGX1636514897079 shutdown complete.
2021-11-10 17:45:53 [SpringContextShutdownHook] INFO  sys-user - ====关闭后台任务任务线程池====
2021-11-10 17:45:54 [SpringContextShutdownHook] INFO  c.alibaba.druid.pool.DruidDataSource - {dataSource-1} closing ...
2021-11-10 17:45:55 [SpringContextShutdownHook] INFO  c.alibaba.druid.pool.DruidDataSource - {dataSource-1} closed
2021-11-10 17:46:00 [SpringContextShutdownHook] INFO  io.undertow.servlet - Destroying Spring FrameworkServlet 'dispatcherServlet'
2021-11-10 17:46:00 [SpringContextShutdownHook] INFO  io.undertow - stopping server: Undertow - 2.0.33.Final
