2021-05-18 09:32:39 [background-preinit] INFO  o.h.validator.internal.util.Version - HV000001: Hibernate Validator 6.0.22.Final
2021-05-18 09:32:42 [main] INFO  RuoYiApplication - The following profiles are active: dev
2021-05-18 09:33:17 [background-preinit] INFO  o.h.validator.internal.util.Version - HV000001: Hibernate Validator 6.0.22.Final
2021-05-18 09:33:20 [main] INFO  RuoYiApplication - The following profiles are active: dev
2021-05-18 09:33:23 [main] INFO  io.undertow.servlet - Initializing Spring embedded WebApplicationContext
2021-05-18 09:33:29 [main] INFO  c.alibaba.druid.pool.DruidDataSource - {dataSource-1} inited
2021-05-18 09:33:30 [main] INFO  io.lettuce.core.EpollProvider - Starting without optional epoll library
2021-05-18 09:33:30 [main] INFO  io.lettuce.core.KqueueProvider - Starting without optional kqueue library
2021-05-18 09:33:33 [main] INFO  org.quartz.impl.StdSchedulerFactory - Using default implementation for ThreadExecutor
2021-05-18 09:33:33 [main] INFO  o.quartz.core.SchedulerSignalerImpl - Initialized Scheduler Signaller of type: class org.quartz.core.SchedulerSignalerImpl
2021-05-18 09:33:33 [main] INFO  org.quartz.core.QuartzScheduler - Quartz Scheduler v.2.3.2 created.
2021-05-18 09:33:33 [main] INFO  org.quartz.core.QuartzScheduler - Scheduler meta-data: Quartz Scheduler (v2.3.2) 'RuoyiScheduler' with instanceId 'MEZNGQK4F65EIGQ1621301613960'
  Scheduler class: 'org.quartz.core.QuartzScheduler' - running locally.
  NOT STARTED.
  Currently in standby mode.
  Number of jobs executed: 0
  Using thread pool 'org.quartz.simpl.SimpleThreadPool' - with 20 threads.
  Using job-store 'org.springframework.scheduling.quartz.LocalDataSourceJobStore' - which supports persistence. and is clustered.

2021-05-18 09:33:33 [main] INFO  org.quartz.impl.StdSchedulerFactory - Quartz scheduler 'RuoyiScheduler' initialized from an externally provided properties instance.
2021-05-18 09:33:33 [main] INFO  org.quartz.impl.StdSchedulerFactory - Quartz scheduler version: 2.3.2
2021-05-18 09:33:33 [main] INFO  org.quartz.core.QuartzScheduler - JobFactory set to: org.springframework.scheduling.quartz.AdaptableJobFactory@400df2b3
2021-05-18 09:33:39 [main] INFO  s.d.s.w.WebMvcPropertySourcedRequestMappingHandlerMapping - Mapped URL path [/v2/api-docs] onto method [springfox.documentation.swagger2.web.Swagger2ControllerWebMvc#getDocumentation(String, HttpServletRequest)]
2021-05-18 09:33:39 [main] INFO  c.n.c.sources.URLConfigurationSource - To enable URLs as dynamic configuration sources, define System property archaius.configurationSource.additionalUrls or make config.properties available on classpath.
2021-05-18 09:33:39 [main] INFO  c.n.c.sources.URLConfigurationSource - To enable URLs as dynamic configuration sources, define System property archaius.configurationSource.additionalUrls or make config.properties available on classpath.
2021-05-18 09:33:46 [main] INFO  s.d.s.w.p.DocumentationPluginsBootstrapper - Documentation plugins bootstrapped
2021-05-18 09:33:46 [main] INFO  s.d.s.w.p.DocumentationPluginsBootstrapper - Found 1 custom documentation plugin(s)
2021-05-18 09:33:46 [main] INFO  s.d.s.w.s.ApiListingReferenceScanner - Scanning for api listing references
2021-05-18 09:33:46 [main] INFO  io.undertow - starting server: Undertow - 2.0.33.Final
2021-05-18 09:33:46 [main] INFO  org.xnio - XNIO version 3.3.8.Final
2021-05-18 09:33:46 [main] INFO  org.xnio.nio - XNIO NIO Implementation Version 3.3.8.Final
2021-05-18 09:33:47 [Quartz Scheduler [RuoyiScheduler]] INFO  org.quartz.core.QuartzScheduler - Scheduler RuoyiScheduler_$_MEZNGQK4F65EIGQ1621301613960 started.
2021-05-18 09:33:51 [main] INFO  RuoYiApplication - Started RuoYiApplication in 37.113 seconds (JVM running for 40.28)
2021-05-18 09:33:52 [XNIO-1 task-1] INFO  io.undertow.servlet - Initializing Spring DispatcherServlet 'dispatcherServlet'
2021-05-18 09:33:52 [registrationTask1] INFO  d.c.b.a.c.r.ApplicationRegistrator - Application registered itself as 029292cb3de6
2021-05-18 09:42:12 [schedule-pool-1] INFO  sys-user - [127.0.0.1]内网IP[admin][Error][验证码已失效]
2021-05-18 09:42:17 [schedule-pool-1] INFO  sys-user - [127.0.0.1]内网IP[admin][Success][登录成功]
2021-05-18 09:44:04 [background-preinit] INFO  o.h.validator.internal.util.Version - HV000001: Hibernate Validator 6.0.22.Final
2021-05-18 09:44:07 [main] INFO  RuoYiApplication - The following profiles are active: dev
2021-05-18 10:04:02 [background-preinit] INFO  o.h.validator.internal.util.Version - HV000001: Hibernate Validator 6.0.22.Final
2021-05-18 10:04:05 [main] INFO  net.ptnetwork.RuoYiApplication - The following profiles are active: dev
2021-05-18 10:04:07 [main] INFO  io.undertow.servlet - Initializing Spring embedded WebApplicationContext
2021-05-18 10:04:13 [main] INFO  c.alibaba.druid.pool.DruidDataSource - {dataSource-1} inited
2021-05-18 10:04:14 [main] INFO  io.lettuce.core.EpollProvider - Starting without optional epoll library
2021-05-18 10:04:14 [main] INFO  io.lettuce.core.KqueueProvider - Starting without optional kqueue library
2021-05-18 10:04:17 [main] INFO  org.quartz.impl.StdSchedulerFactory - Using default implementation for ThreadExecutor
2021-05-18 10:04:17 [main] INFO  o.quartz.core.SchedulerSignalerImpl - Initialized Scheduler Signaller of type: class org.quartz.core.SchedulerSignalerImpl
2021-05-18 10:04:17 [main] INFO  org.quartz.core.QuartzScheduler - Quartz Scheduler v.2.3.2 created.
2021-05-18 10:04:17 [main] INFO  org.quartz.core.QuartzScheduler - Scheduler meta-data: Quartz Scheduler (v2.3.2) 'RuoyiScheduler' with instanceId 'MEZNGQK4F65EIGQ1621303457738'
  Scheduler class: 'org.quartz.core.QuartzScheduler' - running locally.
  NOT STARTED.
  Currently in standby mode.
  Number of jobs executed: 0
  Using thread pool 'org.quartz.simpl.SimpleThreadPool' - with 20 threads.
  Using job-store 'org.springframework.scheduling.quartz.LocalDataSourceJobStore' - which supports persistence. and is clustered.

2021-05-18 10:04:17 [main] INFO  org.quartz.impl.StdSchedulerFactory - Quartz scheduler 'RuoyiScheduler' initialized from an externally provided properties instance.
2021-05-18 10:04:17 [main] INFO  org.quartz.impl.StdSchedulerFactory - Quartz scheduler version: 2.3.2
2021-05-18 10:04:17 [main] INFO  org.quartz.core.QuartzScheduler - JobFactory set to: org.springframework.scheduling.quartz.AdaptableJobFactory@5f9a8ddc
2021-05-18 10:04:29 [background-preinit] INFO  o.h.validator.internal.util.Version - HV000001: Hibernate Validator 6.0.22.Final
2021-05-18 10:04:32 [main] INFO  net.ptnetwork.RuoYiApplication - The following profiles are active: dev
2021-05-18 10:04:34 [main] INFO  io.undertow.servlet - Initializing Spring embedded WebApplicationContext
2021-05-18 10:04:40 [main] INFO  c.alibaba.druid.pool.DruidDataSource - {dataSource-1} inited
2021-05-18 10:04:41 [main] INFO  io.lettuce.core.EpollProvider - Starting without optional epoll library
2021-05-18 10:04:41 [main] INFO  io.lettuce.core.KqueueProvider - Starting without optional kqueue library
2021-05-18 10:04:44 [main] INFO  org.quartz.impl.StdSchedulerFactory - Using default implementation for ThreadExecutor
2021-05-18 10:04:44 [main] INFO  o.quartz.core.SchedulerSignalerImpl - Initialized Scheduler Signaller of type: class org.quartz.core.SchedulerSignalerImpl
2021-05-18 10:04:44 [main] INFO  org.quartz.core.QuartzScheduler - Quartz Scheduler v.2.3.2 created.
2021-05-18 10:04:44 [main] INFO  org.quartz.core.QuartzScheduler - Scheduler meta-data: Quartz Scheduler (v2.3.2) 'RuoyiScheduler' with instanceId 'MEZNGQK4F65EIGQ1621303484882'
  Scheduler class: 'org.quartz.core.QuartzScheduler' - running locally.
  NOT STARTED.
  Currently in standby mode.
  Number of jobs executed: 0
  Using thread pool 'org.quartz.simpl.SimpleThreadPool' - with 20 threads.
  Using job-store 'org.springframework.scheduling.quartz.LocalDataSourceJobStore' - which supports persistence. and is clustered.

2021-05-18 10:04:44 [main] INFO  org.quartz.impl.StdSchedulerFactory - Quartz scheduler 'RuoyiScheduler' initialized from an externally provided properties instance.
2021-05-18 10:04:44 [main] INFO  org.quartz.impl.StdSchedulerFactory - Quartz scheduler version: 2.3.2
2021-05-18 10:04:44 [main] INFO  org.quartz.core.QuartzScheduler - JobFactory set to: org.springframework.scheduling.quartz.AdaptableJobFactory@1aea759d
2021-05-18 10:04:50 [main] INFO  s.d.s.w.WebMvcPropertySourcedRequestMappingHandlerMapping - Mapped URL path [/v2/api-docs] onto method [springfox.documentation.swagger2.web.Swagger2ControllerWebMvc#getDocumentation(String, HttpServletRequest)]
2021-05-18 10:04:50 [main] INFO  c.n.c.sources.URLConfigurationSource - To enable URLs as dynamic configuration sources, define System property archaius.configurationSource.additionalUrls or make config.properties available on classpath.
2021-05-18 10:04:50 [main] INFO  c.n.c.sources.URLConfigurationSource - To enable URLs as dynamic configuration sources, define System property archaius.configurationSource.additionalUrls or make config.properties available on classpath.
2021-05-18 10:04:57 [main] INFO  s.d.s.w.p.DocumentationPluginsBootstrapper - Documentation plugins bootstrapped
2021-05-18 10:04:57 [main] INFO  s.d.s.w.p.DocumentationPluginsBootstrapper - Found 1 custom documentation plugin(s)
2021-05-18 10:04:57 [main] INFO  s.d.s.w.s.ApiListingReferenceScanner - Scanning for api listing references
2021-05-18 10:04:57 [main] INFO  io.undertow - starting server: Undertow - 2.0.33.Final
2021-05-18 10:04:57 [main] INFO  org.xnio - XNIO version 3.3.8.Final
2021-05-18 10:04:57 [main] INFO  org.xnio.nio - XNIO NIO Implementation Version 3.3.8.Final
2021-05-18 10:04:58 [Quartz Scheduler [RuoyiScheduler]] INFO  org.quartz.core.QuartzScheduler - Scheduler RuoyiScheduler_$_MEZNGQK4F65EIGQ1621303484882 started.
2021-05-18 10:05:02 [main] INFO  net.ptnetwork.RuoYiApplication - Started RuoYiApplication in 35.748 seconds (JVM running for 38.875)
2021-05-18 10:05:02 [XNIO-1 task-1] INFO  io.undertow.servlet - Initializing Spring DispatcherServlet 'dispatcherServlet'
2021-05-18 10:05:02 [registrationTask1] INFO  d.c.b.a.c.r.ApplicationRegistrator - Application registered itself as 029292cb3de6
2021-05-18 10:05:42 [schedule-pool-1] INFO  sys-user - [127.0.0.1]内网IP[admin][Success][登录成功]
